<?xml version="1.0" encoding="UTF-8"?>
<testng-results skipped="0" failed="1" ignored="1" total="2" passed="0">
  <reporter-output>
  </reporter-output>
  <suite name="Default suite" duration-ms="143555" started-at="2018-06-24T08:42:25Z" finished-at="2018-06-24T08:44:48Z">
    <groups>
    </groups>
    <test name="PreReqTest" duration-ms="6" started-at="2018-06-24T08:42:25Z" finished-at="2018-06-24T08:42:25Z">
    </test> <!-- PreReqTest -->
    <test name="Leave Test" duration-ms="143510" started-at="2018-06-24T08:42:25Z" finished-at="2018-06-24T08:44:48Z">
      <class name="com.qst.ohrm.test.ApplyLeaveTest">
        <test-method status="PASS" signature="preConfig()[pri:0, instance:com.qst.ohrm.test.ApplyLeaveTest@5f3a4b84]" name="preConfig" is-config="true" duration-ms="282" started-at="2018-06-24T08:42:24Z" finished-at="2018-06-24T08:42:25Z">
          <reporter-output>
          </reporter-output>
        </test-method> <!-- preConfig -->
        <test-method status="PASS" signature="setup()[pri:0, instance:com.qst.ohrm.test.ApplyLeaveTest@5f3a4b84]" name="setup" is-config="true" duration-ms="14603" started-at="2018-06-24T08:42:25Z" finished-at="2018-06-24T08:42:39Z">
          <reporter-output>
          </reporter-output>
        </test-method> <!-- setup -->
        <test-method status="FAIL" signature="addLeaveType()[pri:0, instance:com.qst.ohrm.test.ApplyLeaveTest@5f3a4b84]" name="addLeaveType" duration-ms="126389" started-at="2018-06-24T08:42:39Z" finished-at="2018-06-24T08:44:46Z">
          <exception class="org.openqa.selenium.interactions.MoveTargetOutOfBoundsException">
            <message>
              <![CDATA[(-9731, 150) is out of bounds of viewport width (1213) and height (562)
Build info: version: '3.10.0', revision: '176b4a9', time: '2018-03-02T19:10:56.039Z'
System info: host: 'SHIVU-PC', ip: '192.168.186.1', os.name: 'Windows 7', os.arch: 'amd64', os.version: '6.1', java.version: '1.8.0_51'
Driver info: org.openqa.selenium.firefox.FirefoxDriver
Capabilities {acceptInsecureCerts: true, browserName: firefox, browserVersion: 55.0.2, javascriptEnabled: true, moz:accessibilityChecks: false, moz:processID: 3772, moz:profile: C:\Users\Shivu\AppData\Loca..., pageLoadStrategy: normal, platform: XP, platformName: XP, platformVersion: 6.1, rotatable: false, specificationLevel: 0, timeouts: {implicit: 0, pageLoad: 300000, script: 30000}}
Session ID: 176034d9-c587-4ea6-bfa0-f64f57126da7]]>
            </message>
            <full-stacktrace>
              <![CDATA[org.openqa.selenium.interactions.MoveTargetOutOfBoundsException: (-9731, 150) is out of bounds of viewport width (1213) and height (562)
Build info: version: '3.10.0', revision: '176b4a9', time: '2018-03-02T19:10:56.039Z'
System info: host: 'SHIVU-PC', ip: '192.168.186.1', os.name: 'Windows 7', os.arch: 'amd64', os.version: '6.1', java.version: '1.8.0_51'
Driver info: org.openqa.selenium.firefox.FirefoxDriver
Capabilities {acceptInsecureCerts: true, browserName: firefox, browserVersion: 55.0.2, javascriptEnabled: true, moz:accessibilityChecks: false, moz:processID: 3772, moz:profile: C:\Users\Shivu\AppData\Loca..., pageLoadStrategy: normal, platform: XP, platformName: XP, platformVersion: 6.1, rotatable: false, specificationLevel: 0, timeouts: {implicit: 0, pageLoad: 300000, script: 30000}}
Session ID: 176034d9-c587-4ea6-bfa0-f64f57126da7
at sun.reflect.NativeConstructorAccessorImpl.newInstance0(Native Method)
at sun.reflect.NativeConstructorAccessorImpl.newInstance(NativeConstructorAccessorImpl.java:62)
at sun.reflect.DelegatingConstructorAccessorImpl.newInstance(DelegatingConstructorAccessorImpl.java:45)
at java.lang.reflect.Constructor.newInstance(Constructor.java:422)
at org.openqa.selenium.remote.http.W3CHttpResponseCodec.createException(W3CHttpResponseCodec.java:187)
at org.openqa.selenium.remote.http.W3CHttpResponseCodec.decode(W3CHttpResponseCodec.java:122)
at org.openqa.selenium.remote.http.W3CHttpResponseCodec.decode(W3CHttpResponseCodec.java:49)
at org.openqa.selenium.remote.HttpCommandExecutor.execute(HttpCommandExecutor.java:160)
at org.openqa.selenium.remote.service.DriverCommandExecutor.execute(DriverCommandExecutor.java:83)
at org.openqa.selenium.remote.RemoteWebDriver.execute(RemoteWebDriver.java:601)
at org.openqa.selenium.remote.RemoteWebDriver.perform(RemoteWebDriver.java:667)
at org.openqa.selenium.interactions.Actions$BuiltAction.perform(Actions.java:638)
at org.openqa.selenium.interactions.Actions.perform(Actions.java:594)
at com.qst.ohrm.page.OrangeHRMLeavePage.moveMouseOnLeaveConfigureMenu(OrangeHRMLeavePage.java:100)
at com.qst.ohrm.test.ApplyLeaveTest.addLeaveType(ApplyLeaveTest.java:78)
at sun.reflect.NativeMethodAccessorImpl.invoke0(Native Method)
at sun.reflect.NativeMethodAccessorImpl.invoke(NativeMethodAccessorImpl.java:62)
at sun.reflect.DelegatingMethodAccessorImpl.invoke(DelegatingMethodAccessorImpl.java:43)
at java.lang.reflect.Method.invoke(Method.java:497)
at org.testng.internal.MethodInvocationHelper.invokeMethod(MethodInvocationHelper.java:124)
at org.testng.internal.Invoker.invokeMethod(Invoker.java:580)
at org.testng.internal.Invoker.invokeTestMethod(Invoker.java:716)
at org.testng.internal.Invoker.invokeTestMethods(Invoker.java:988)
at org.testng.internal.TestMethodWorker.invokeTestMethods(TestMethodWorker.java:125)
at org.testng.internal.TestMethodWorker.run(TestMethodWorker.java:109)
at org.testng.TestRunner.privateRun(TestRunner.java:648)
at org.testng.TestRunner.run(TestRunner.java:505)
at org.testng.SuiteRunner.runTest(SuiteRunner.java:455)
at org.testng.SuiteRunner.runSequentially(SuiteRunner.java:450)
at org.testng.SuiteRunner.privateRun(SuiteRunner.java:415)
at org.testng.SuiteRunner.run(SuiteRunner.java:364)
at org.testng.SuiteRunnerWorker.runSuite(SuiteRunnerWorker.java:52)
at org.testng.SuiteRunnerWorker.run(SuiteRunnerWorker.java:84)
at org.testng.TestNG.runSuitesSequentially(TestNG.java:1208)
at org.testng.TestNG.runSuitesLocally(TestNG.java:1137)
at org.testng.TestNG.runSuites(TestNG.java:1049)
at org.testng.TestNG.run(TestNG.java:1017)
at org.testng.remote.AbstractRemoteTestNG.run(AbstractRemoteTestNG.java:114)
at org.testng.remote.RemoteTestNG.initAndRun(RemoteTestNG.java:251)
at org.testng.remote.RemoteTestNG.main(RemoteTestNG.java:77)
]]>
            </full-stacktrace>
          </exception> <!-- org.openqa.selenium.interactions.MoveTargetOutOfBoundsException -->
          <reporter-output>
          </reporter-output>
        </test-method> <!-- addLeaveType -->
        <test-method status="PASS" signature="tearDown(org.testng.ITestResult)[pri:0, instance:com.qst.ohrm.test.ApplyLeaveTest@5f3a4b84]" name="tearDown" is-config="true" duration-ms="1039" started-at="2018-06-24T08:44:46Z" finished-at="2018-06-24T08:44:47Z">
          <params>
            <param index="0">
              <value>
                <![CDATA[[TestResult name=addLeaveType status=FAILURE method=ApplyLeaveTest.addLeaveType()[pri:0, instance:com.qst.ohrm.test.ApplyLeaveTest@5f3a4b84] output={null}]]]>
              </value>
            </param>
          </params>
          <reporter-output>
          </reporter-output>
        </test-method> <!-- tearDown -->
        <test-method status="PASS" signature="closeDriver()[pri:0, instance:com.qst.ohrm.test.ApplyLeaveTest@5f3a4b84]" name="closeDriver" is-config="true" duration-ms="1445" started-at="2018-06-24T08:44:47Z" finished-at="2018-06-24T08:44:48Z">
          <reporter-output>
          </reporter-output>
        </test-method> <!-- closeDriver -->
        <test-method status="PASS" signature="tearDown()[pri:0, instance:com.qst.ohrm.test.ApplyLeaveTest@5f3a4b84]" name="tearDown" is-config="true" duration-ms="0" started-at="2018-06-24T08:44:48Z" finished-at="2018-06-24T08:44:48Z">
          <reporter-output>
          </reporter-output>
        </test-method> <!-- tearDown -->
      </class> <!-- com.qst.ohrm.test.ApplyLeaveTest -->
    </test> <!-- Leave Test -->
  </suite> <!-- Default suite -->
</testng-results>
